Jan-22 10:56:28.436 [main] DEBUG nextflow.cli.Launcher - $> nextflow run main.nf --input FASTQs/sample_sheet_5.csv --design_file reference_files/CALR_JAK2_MPL_mipgen.txt --annotated_design_file reference_files/annotated_MPN_panel_genes.txt --phenotype reference_files/configuration_5.txt
Jan-22 10:56:28.679 [main] INFO  nextflow.cli.CmdRun - N E X T F L O W  ~  version 23.10.0
Jan-22 10:56:28.703 [main] DEBUG nextflow.plugin.PluginsFacade - Setting up plugin manager > mode=prod; embedded=false; plugins-dir=/home/pierre/.nextflow/plugins; core-plugins: nf-amazon@2.1.4,nf-azure@1.3.2,nf-cloudcache@0.3.0,nf-codecommit@0.1.5,nf-console@1.0.6,nf-ga4gh@1.1.0,nf-google@1.8.3,nf-tower@1.6.3,nf-wave@1.0.0
Jan-22 10:56:28.716 [main] INFO  o.pf4j.DefaultPluginStatusProvider - Enabled plugins: []
Jan-22 10:56:28.717 [main] INFO  o.pf4j.DefaultPluginStatusProvider - Disabled plugins: []
Jan-22 10:56:28.722 [main] INFO  org.pf4j.DefaultPluginManager - PF4J version 3.4.1 in 'deployment' mode
Jan-22 10:56:28.746 [main] INFO  org.pf4j.AbstractPluginManager - No plugins
Jan-22 10:56:28.777 [main] DEBUG nextflow.config.ConfigBuilder - Found config local: /home/pierre/Documents/CMD_PLACEMENT/smMIP/dev_data/nextflow.config
Jan-22 10:56:28.779 [main] DEBUG nextflow.config.ConfigBuilder - Parsing config file: /home/pierre/Documents/CMD_PLACEMENT/smMIP/dev_data/nextflow.config
Jan-22 10:56:28.815 [main] DEBUG nextflow.config.ConfigBuilder - Applying config profile: `standard`
Jan-22 10:56:29.881 [main] DEBUG nextflow.cli.CmdRun - Applied DSL=2 from script declararion
Jan-22 10:56:29.911 [main] INFO  nextflow.cli.CmdRun - Launching `main.nf` [fabulous_faggin] DSL2 - revision: 757137b8f0
Jan-22 10:56:29.911 [main] DEBUG nextflow.plugin.PluginsFacade - Plugins default=[]
Jan-22 10:56:29.912 [main] DEBUG nextflow.plugin.PluginsFacade - Plugins resolved requirement=[]
Jan-22 10:56:29.927 [main] DEBUG n.secret.LocalSecretsProvider - Secrets store: /home/pierre/.nextflow/secrets/store.json
Jan-22 10:56:29.933 [main] DEBUG nextflow.secret.SecretsLoader - Discovered secrets providers: [nextflow.secret.LocalSecretsProvider@26d41711] - activable => nextflow.secret.LocalSecretsProvider@26d41711
Jan-22 10:56:30.030 [main] DEBUG nextflow.Session - Session UUID: 581bdcd3-963c-4005-9ce8-87f5a9d0c286
Jan-22 10:56:30.030 [main] DEBUG nextflow.Session - Run name: fabulous_faggin
Jan-22 10:56:30.031 [main] DEBUG nextflow.Session - Executor pool size: 8
Jan-22 10:56:30.038 [main] DEBUG nextflow.file.FilePorter - File porter settings maxRetries=3; maxTransfers=50; pollTimeout=null
Jan-22 10:56:30.044 [main] DEBUG nextflow.util.ThreadPoolBuilder - Creating thread pool 'FileTransfer' minSize=10; maxSize=24; workQueue=LinkedBlockingQueue[10000]; allowCoreThreadTimeout=false
Jan-22 10:56:30.075 [main] DEBUG nextflow.cli.CmdRun - 
  Version: 23.10.0 build 5889
  Created: 15-10-2023 15:07 UTC (16:07 IST)
  System: Linux 5.8.0-44-generic
  Runtime: Groovy 3.0.19 on OpenJDK 64-Bit Server VM 17.0.9-internal+0-adhoc..src
  Encoding: UTF-8 (UTF-8)
  Process: 138924@pierre-Latitude-5510 [127.0.1.1]
  CPUs: 8 - Mem: 31 GB (16.7 GB) - Swap: 0 (0)
Jan-22 10:56:30.105 [main] DEBUG nextflow.Session - Work-dir: /home/pierre/Documents/CMD_PLACEMENT/smMIP/dev_data/work [ext2/ext3]
Jan-22 10:56:30.123 [main] DEBUG nextflow.executor.ExecutorFactory - Extension executors providers=[]
Jan-22 10:56:30.135 [main] DEBUG nextflow.Session - Observer factory: DefaultObserverFactory
Jan-22 10:56:30.185 [main] DEBUG nextflow.cache.CacheFactory - Using Nextflow cache factory: nextflow.cache.DefaultCacheFactory
Jan-22 10:56:30.197 [main] DEBUG nextflow.util.CustomThreadPool - Creating default thread pool > poolSize: 9; maxThreads: 1000
Jan-22 10:56:30.302 [main] DEBUG nextflow.Session - Session start
Jan-22 10:56:30.306 [main] DEBUG nextflow.trace.TraceFileObserver - Workflow started -- trace file: /home/pierre/Documents/CMD_PLACEMENT/smMIP/dev_data/results/pipeline_info/execution_trace_2024-01-22_10-56-29.txt
Jan-22 10:56:30.633 [main] DEBUG nextflow.script.ScriptRunner - > Launching execution
Jan-22 10:56:30.646 [main] INFO  nextflow.script.BaseScript - 
        Running::

         sssss   mmmm mmmm   M   M     I  PPPP       aaaaa  nnnn    aaaaa  l   y   y  sssss  iiii sssss
        s       m   mm   m  MM MM MM   I  P   P      a   a  n   n   a   a  l    y y   s       ii  s
         sss    m   mm   m  M M M  M   I  PPPP       aaaaa  n   n   aaaaa  l     y     sss    ii   sss
            s   m   mm   m  M   M  M   I  P          a   a  n   n   a   a  l    y         s   ii      s
        sssss   m   mm   m  M   M  M   I  P          a   a  n   n   a   a  ll  y      sssss  iiii sssss
        
Jan-22 10:56:30.647 [main] INFO  nextflow.script.BaseScript - Parameters::
Jan-22 10:56:30.648 [main] INFO  nextflow.script.BaseScript - 
Jan-22 10:56:30.654 [main] INFO  nextflow.script.BaseScript -     MAPQ                 : 50
Jan-22 10:56:30.654 [main] INFO  nextflow.script.BaseScript -     OVERLAP              : 0.95
Jan-22 10:56:30.655 [main] INFO  nextflow.script.BaseScript -     annotated_design_file : reference_files/annotated_MPN_panel_genes.txt
Jan-22 10:56:30.655 [main] INFO  nextflow.script.BaseScript -     bam_dir              : null
Jan-22 10:56:30.656 [main] INFO  nextflow.script.BaseScript -     binomial             : sum
Jan-22 10:56:30.656 [main] INFO  nextflow.script.BaseScript -     bwa                  : /home/pierre/Documents/CMD_PLACEMENT/smMIP/dev_data/reference_files/references/Homo_sapiens/GATK/GRCh38/Sequence/BWAmem2Index/
Jan-22 10:56:30.656 [main] INFO  nextflow.script.BaseScript -     consensus_cutoff     : 0.7
Jan-22 10:56:30.657 [main] INFO  nextflow.script.BaseScript -     design_file          : reference_files/CALR_JAK2_MPL_mipgen.txt
Jan-22 10:56:30.657 [main] INFO  nextflow.script.BaseScript -     drop                 : 2
Jan-22 10:56:30.657 [main] INFO  nextflow.script.BaseScript -     family_size          : 0
Jan-22 10:56:30.657 [main] INFO  nextflow.script.BaseScript -     filtered_reads       : n
Jan-22 10:56:30.658 [main] INFO  nextflow.script.BaseScript -     genome               : GRCh38
Jan-22 10:56:30.658 [main] INFO  nextflow.script.BaseScript -     input                : FASTQs/sample_sheet_5.csv
Jan-22 10:56:30.659 [main] INFO  nextflow.script.BaseScript -     maf                  : 0.001
Jan-22 10:56:30.659 [main] INFO  nextflow.script.BaseScript -     mbq                  : 10
Jan-22 10:56:30.660 [main] INFO  nextflow.script.BaseScript -     mmq                  : 50
Jan-22 10:56:30.660 [main] INFO  nextflow.script.BaseScript -     mnd                  : 1
Jan-22 10:56:30.660 [main] INFO  nextflow.script.BaseScript -     outdir               : results
Jan-22 10:56:30.660 [main] INFO  nextflow.script.BaseScript -     overlap_coverage     : 10
Jan-22 10:56:30.661 [main] INFO  nextflow.script.BaseScript -     phenotype            : reference_files/configuration_5.txt
Jan-22 10:56:30.661 [main] INFO  nextflow.script.BaseScript -     pval                 : 0.05
Jan-22 10:56:30.661 [main] INFO  nextflow.script.BaseScript -     rank                 : F
Jan-22 10:56:30.661 [main] INFO  nextflow.script.BaseScript -     threads              : 1
Jan-22 10:56:30.661 [main] INFO  nextflow.script.BaseScript -     umi                  : T
Jan-22 10:56:30.662 [main] INFO  nextflow.script.BaseScript -     vaf                  : 0.05
Jan-22 10:56:30.662 [main] INFO  nextflow.script.BaseScript - 
Jan-22 10:56:31.613 [main] DEBUG nextflow.executor.ExecutorFactory - << taskConfig executor: null
Jan-22 10:56:31.613 [main] DEBUG nextflow.executor.ExecutorFactory - >> processorType: 'local'
Jan-22 10:56:31.619 [main] DEBUG nextflow.executor.Executor - [warm up] executor > local
Jan-22 10:56:31.623 [main] DEBUG n.processor.LocalPollingMonitor - Creating local task monitor for executor 'local' > cpus=8; memory=31 GB; capacity=8; pollInterval=100ms; dumpInterval=5m
Jan-22 10:56:31.626 [main] DEBUG n.processor.TaskPollingMonitor - >>> barrier register (monitor: local)
Jan-22 10:56:31.823 [main] DEBUG nextflow.executor.ExecutorFactory - << taskConfig executor: null
Jan-22 10:56:31.824 [main] DEBUG nextflow.executor.ExecutorFactory - >> processorType: 'local'
Jan-22 10:56:31.844 [main] DEBUG nextflow.executor.ExecutorFactory - << taskConfig executor: null
Jan-22 10:56:31.845 [main] DEBUG nextflow.executor.ExecutorFactory - >> processorType: 'local'
Jan-22 10:56:31.886 [main] DEBUG nextflow.executor.ExecutorFactory - << taskConfig executor: null
Jan-22 10:56:31.886 [main] DEBUG nextflow.executor.ExecutorFactory - >> processorType: 'local'
Jan-22 10:56:31.913 [main] DEBUG nextflow.executor.ExecutorFactory - << taskConfig executor: null
Jan-22 10:56:31.914 [main] DEBUG nextflow.executor.ExecutorFactory - >> processorType: 'local'
Jan-22 10:56:31.931 [main] DEBUG nextflow.executor.ExecutorFactory - << taskConfig executor: null
Jan-22 10:56:31.932 [main] DEBUG nextflow.executor.ExecutorFactory - >> processorType: 'local'
Jan-22 10:56:31.961 [main] DEBUG nextflow.executor.ExecutorFactory - << taskConfig executor: null
Jan-22 10:56:31.961 [main] DEBUG nextflow.executor.ExecutorFactory - >> processorType: 'local'
Jan-22 10:56:31.969 [main] DEBUG nextflow.Session - Workflow process names [dsl2]: FASTQC, SAMPLESHEET_CHECK, ANNOTATE_SNVs, MULTIQC, CALL_MUTATIONS, SMMIP_ANALYSIS:SMMIP:CALL_MUTATIONS, SMMIP_ANALYSIS:SMMIP:QC:MULTIQC, MAP_SMMIPS, PILEUPS, BWAMEM2_MEM, SMMIP_ANALYSIS:SMMIP:MAP_SMMIPS, SMMIP_ANALYSIS:SMMIP:INPUT_CHECK:SAMPLESHEET_CHECK, SMMIP_ANALYSIS:SMMIP:PILEUPS, SMMIP_ANALYSIS:SMMIP:BWAMEM2_MEM, SMMIP_ANALYSIS:SMMIP:QC:FASTQC
Jan-22 10:56:31.971 [main] DEBUG nextflow.Session - Igniting dataflow network (9)
Jan-22 10:56:31.980 [main] DEBUG nextflow.processor.TaskProcessor - Starting process > SMMIP_ANALYSIS:SMMIP:INPUT_CHECK:SAMPLESHEET_CHECK
Jan-22 10:56:31.981 [main] DEBUG nextflow.processor.TaskProcessor - Starting process > SMMIP_ANALYSIS:SMMIP:QC:FASTQC
Jan-22 10:56:31.982 [main] DEBUG nextflow.processor.TaskProcessor - Starting process > SMMIP_ANALYSIS:SMMIP:QC:MULTIQC
Jan-22 10:56:31.982 [main] DEBUG nextflow.processor.TaskProcessor - Starting process > SMMIP_ANALYSIS:SMMIP:BWAMEM2_MEM
Jan-22 10:56:31.983 [main] DEBUG nextflow.processor.TaskProcessor - Starting process > SMMIP_ANALYSIS:SMMIP:MAP_SMMIPS
Jan-22 10:56:31.983 [main] DEBUG nextflow.processor.TaskProcessor - Starting process > SMMIP_ANALYSIS:SMMIP:PILEUPS
Jan-22 10:56:31.984 [main] DEBUG nextflow.processor.TaskProcessor - Starting process > SMMIP_ANALYSIS:SMMIP:CALL_MUTATIONS
Jan-22 10:56:31.984 [main] DEBUG nextflow.script.ScriptRunner - Parsed script files:
  Script_f04ebcc3c926a91f: /home/pierre/Documents/CMD_PLACEMENT/smMIP/dev_data/./workflows/../modules/map_smmips/main.nf
  Script_78bcc980fae50035: /home/pierre/Documents/CMD_PLACEMENT/smMIP/dev_data/./workflows/../subworkflows/../modules/samplesheet_check/main.nf
  Script_03bd1c7f80ad2193: /home/pierre/Documents/CMD_PLACEMENT/smMIP/dev_data/./workflows/../subworkflows/fastqc/../../modules/fastqc/main.nf
  Script_1c1b7966df89e3ee: /home/pierre/Documents/CMD_PLACEMENT/smMIP/dev_data/./workflows/../modules/bwamem2/main.nf
  Script_594512061f22c122: /home/pierre/Documents/CMD_PLACEMENT/smMIP/dev_data/./workflows/smmip.nf
  Script_40e1f65e24dd2f5e: /home/pierre/Documents/CMD_PLACEMENT/smMIP/dev_data/./workflows/../subworkflows/fastqc/fastqc.nf
  Script_3d7201ffe1c1669e: /home/pierre/Documents/CMD_PLACEMENT/smMIP/dev_data/main.nf
  Script_77480b489243c1ce: /home/pierre/Documents/CMD_PLACEMENT/smMIP/dev_data/./workflows/../modules/pileups/main.nf
  Script_a143bb269566988d: /home/pierre/Documents/CMD_PLACEMENT/smMIP/dev_data/./workflows/../modules/call_mutations/main.nf
  Script_100e2dbf95cbea3c: /home/pierre/Documents/CMD_PLACEMENT/smMIP/dev_data/./workflows/../subworkflows/fastqc/../../modules/multiqc/main.nf
  Script_e0013d7166cd0ce0: /home/pierre/Documents/CMD_PLACEMENT/smMIP/dev_data/./workflows/../subworkflows/input_check.nf
  Script_1448cff7a185be3c: /home/pierre/Documents/CMD_PLACEMENT/smMIP/dev_data/./workflows/../modules/annotate_snvs/main.nf
Jan-22 10:56:31.985 [main] DEBUG nextflow.script.ScriptRunner - > Awaiting termination 
Jan-22 10:56:31.985 [main] DEBUG nextflow.Session - Session await
Jan-22 10:56:32.170 [Task submitter] DEBUG n.executor.local.LocalTaskHandler - Launch cmd line: /bin/bash -ue .command.run
Jan-22 10:56:32.175 [Task submitter] INFO  nextflow.Session - [30/0abc71] Submitted process > SMMIP_ANALYSIS:SMMIP:INPUT_CHECK:SAMPLESHEET_CHECK
Jan-22 10:56:32.337 [Task monitor] DEBUG n.processor.TaskPollingMonitor - Task completed > TaskHandler[id: 1; name: SMMIP_ANALYSIS:SMMIP:INPUT_CHECK:SAMPLESHEET_CHECK; status: COMPLETED; exit: 0; error: -; workDir: /home/pierre/Documents/CMD_PLACEMENT/smMIP/dev_data/work/30/0abc7164fde7a512d082da9a5fac2b]
Jan-22 10:56:32.423 [Task submitter] DEBUG n.executor.local.LocalTaskHandler - Launch cmd line: /bin/bash -ue .command.run
Jan-22 10:56:32.428 [Task submitter] INFO  nextflow.Session - [df/e12ccf] Submitted process > SMMIP_ANALYSIS:SMMIP:QC:FASTQC (N23-10420RRR_S12)
Jan-22 10:56:32.446 [Task submitter] DEBUG n.executor.local.LocalTaskHandler - Launch cmd line: /bin/bash -ue .command.run
Jan-22 10:56:32.463 [Task submitter] INFO  nextflow.Session - [f4/6a82ff] Submitted process > SMMIP_ANALYSIS:SMMIP:QC:FASTQC (N23-10421RRR_S13)
Jan-22 10:56:32.478 [Task submitter] DEBUG n.executor.local.LocalTaskHandler - Launch cmd line: /bin/bash -ue .command.run
Jan-22 10:56:32.481 [Task submitter] INFO  nextflow.Session - [58/fa0513] Submitted process > SMMIP_ANALYSIS:SMMIP:BWAMEM2_MEM (N23-10421RRR_S13)
Jan-22 10:56:32.490 [Task submitter] DEBUG n.executor.local.LocalTaskHandler - Launch cmd line: /bin/bash -ue .command.run
Jan-22 10:56:32.492 [Task submitter] INFO  nextflow.Session - [96/e27019] Submitted process > SMMIP_ANALYSIS:SMMIP:BWAMEM2_MEM (N23-10420RRR_S12)
Jan-22 10:56:32.503 [Task submitter] DEBUG n.executor.local.LocalTaskHandler - Launch cmd line: /bin/bash -ue .command.run
Jan-22 10:56:32.512 [Task submitter] INFO  nextflow.Session - [98/8b13f8] Submitted process > SMMIP_ANALYSIS:SMMIP:BWAMEM2_MEM (N23-10413RRR_S8)
Jan-22 10:56:32.522 [Task submitter] DEBUG n.executor.local.LocalTaskHandler - Launch cmd line: /bin/bash -ue .command.run
Jan-22 10:56:32.523 [Task submitter] INFO  nextflow.Session - [6e/ca9ef4] Submitted process > SMMIP_ANALYSIS:SMMIP:QC:FASTQC (N23-10413RRR_S8)
Jan-22 10:56:32.537 [Task submitter] DEBUG n.executor.local.LocalTaskHandler - Launch cmd line: /bin/bash -ue .command.run
Jan-22 10:56:32.563 [Task submitter] INFO  nextflow.Session - [34/696b27] Submitted process > SMMIP_ANALYSIS:SMMIP:BWAMEM2_MEM (MPNCtrl20230928B_S67)
Jan-22 10:56:32.572 [Task submitter] DEBUG n.executor.local.LocalTaskHandler - Launch cmd line: /bin/bash -ue .command.run
Jan-22 10:56:32.573 [Task submitter] INFO  nextflow.Session - [48/13c207] Submitted process > SMMIP_ANALYSIS:SMMIP:QC:FASTQC (MPNCtrl20230928B_S67)
Jan-22 10:57:40.875 [Task monitor] DEBUG n.processor.TaskPollingMonitor - Task completed > TaskHandler[id: 4; name: SMMIP_ANALYSIS:SMMIP:BWAMEM2_MEM (N23-10413RRR_S8); status: COMPLETED; exit: 1; error: -; workDir: /home/pierre/Documents/CMD_PLACEMENT/smMIP/dev_data/work/98/8b13f81a480823d5d94b858510d9b7]
Jan-22 10:57:40.899 [Task monitor] DEBUG nextflow.processor.TaskProcessor - Handling unexpected condition for
  task: name=SMMIP_ANALYSIS:SMMIP:BWAMEM2_MEM (N23-10413RRR_S8); work-dir=/home/pierre/Documents/CMD_PLACEMENT/smMIP/dev_data/work/98/8b13f81a480823d5d94b858510d9b7
  error [nextflow.exception.ProcessFailedException]: Process `SMMIP_ANALYSIS:SMMIP:BWAMEM2_MEM (N23-10413RRR_S8)` terminated with an error exit status (1)
Jan-22 10:57:40.942 [Task monitor] ERROR nextflow.processor.TaskProcessor - Error executing process > 'SMMIP_ANALYSIS:SMMIP:BWAMEM2_MEM (N23-10413RRR_S8)'

Caused by:
  Process `SMMIP_ANALYSIS:SMMIP:BWAMEM2_MEM (N23-10413RRR_S8)` terminated with an error exit status (1)

Command executed:

  INDEX=$(find -L . -name "*.amb" | sed 's/.amb//')
  
  bwa-mem2 \
      mem \
       \
      -t 1 \
      $INDEX \
      N23-10413RRR_S8_ME_R1_001.fastq.gz N23-10413RRR_S8_ME_R2_001.fastq.gz \
      | samtools sort  -@ 1 -o N23-10413RRR_S8.bam -
  
  cat <<-END_VERSIONS > versions.yml
  "SMMIP_ANALYSIS:SMMIP:BWAMEM2_MEM":
      bwamem2: $(echo $(bwa-mem2 version 2>&1) | sed 's/.* //')
      samtools: $(echo $(samtools --version 2>&1) | sed 's/^.*samtools //; s/Using.*$//')
  END_VERSIONS

Command exit status:
  1

Command output:
  (empty)

Command error:
  Looking to launch executable "/home/pierre/anaconda3/envs/smMIP/bin/bwa-mem2.avx2", simd = .avx2
  Launching executable "/home/pierre/anaconda3/envs/smMIP/bin/bwa-mem2.avx2"
  -----------------------------
  Executing in AVX2 mode!!
  -----------------------------
  * SA compression enabled with xfactor: 8
  * Ref file: ./BWAmem2Index/Homo_sapiens_assembly38.fasta
  * Entering FMI_search
  * Index file found. Loading index from ./BWAmem2Index/Homo_sapiens_assembly38.fasta.bwt.2bit.64
  * Reference seq len for bi-index = 6434693835
  [W::hts_set_opt] Cannot change block size for this format
  samtools sort: failed to read header from "-"

Work dir:
  /home/pierre/Documents/CMD_PLACEMENT/smMIP/dev_data/work/98/8b13f81a480823d5d94b858510d9b7

Tip: when you have fixed the problem you can continue the execution adding the option `-resume` to the run command line
Jan-22 10:57:41.003 [Task monitor] DEBUG nextflow.Session - Session aborted -- Cause: Process `SMMIP_ANALYSIS:SMMIP:BWAMEM2_MEM (N23-10413RRR_S8)` terminated with an error exit status (1)
Jan-22 10:57:41.107 [Task monitor] DEBUG nextflow.Session - The following nodes are still active:
[process] SMMIP_ANALYSIS:SMMIP:QC:MULTIQC
  status=ACTIVE
  port 0: (value) OPEN  ; channel: *
  port 1: (cntrl) -     ; channel: $

[process] SMMIP_ANALYSIS:SMMIP:MAP_SMMIPS
  status=ACTIVE
  port 0: (queue) OPEN  ; channel: -
  port 1: (value) bound ; channel: design_file
  port 2: (cntrl) -     ; channel: $

[process] SMMIP_ANALYSIS:SMMIP:PILEUPS
  status=ACTIVE
  port 0: (queue) OPEN  ; channel: -
  port 1: (value) bound ; channel: design_file_path
  port 2: (cntrl) -     ; channel: $

[process] SMMIP_ANALYSIS:SMMIP:CALL_MUTATIONS
  status=ACTIVE
  port 0: (value) bound ; channel: phenotype_file
  port 1: (value) bound ; channel: anno_design_file
  port 2: (queue) OPEN  ; channel: pileupsDone
  port 3: (queue) OPEN  ; channel: -
  port 4: (cntrl) -     ; channel: $

Jan-22 10:57:41.111 [main] DEBUG nextflow.Session - Session await > all processes finished
Jan-22 10:57:41.112 [main] DEBUG nextflow.Session - Session await > all barriers passed
Jan-22 10:57:41.119 [main] WARN  n.processor.TaskPollingMonitor - Killing running tasks (7)
Jan-22 10:57:41.132 [Task monitor] DEBUG n.processor.TaskPollingMonitor - <<< barrier arrives (monitor: local) - terminating tasks monitor poll loop
Jan-22 10:57:41.359 [main] DEBUG n.trace.WorkflowStatsObserver - Workflow completed > WorkflowStats[succeededCount=1; failedCount=1; ignoredCount=0; cachedCount=0; pendingCount=0; submittedCount=0; runningCount=1; retriesCount=0; abortedCount=6; succeedDuration=84ms; failedDuration=1m 8s; cachedDuration=0ms;loadCpus=1; loadMemory=0; peakRunning=8; peakCpus=8; peakMemory=0; ]
Jan-22 10:57:41.360 [main] DEBUG nextflow.trace.TraceFileObserver - Workflow completed -- saving trace file
Jan-22 10:57:41.368 [main] DEBUG nextflow.trace.ReportObserver - Workflow completed -- rendering execution report
Jan-22 10:57:42.496 [main] DEBUG nextflow.trace.TimelineObserver - Workflow completed -- rendering execution timeline
Jan-22 10:57:42.641 [main] DEBUG nextflow.cache.CacheDB - Closing CacheDB done
Jan-22 10:57:42.744 [main] DEBUG nextflow.script.ScriptRunner - > Execution complete -- Goodbye
